executing config test SL
+ cd /d C:\Users\Maroun\Documents\Projects\moonlight-qt\config.tests\SL && C:\Qt\6.10.1\msvc2022_64\bin\qmake.exe  -spec C:/Qt/6.10.1/msvc2022_64/mkspecs/win32-msvc "CONFIG -= qt debug_and_release app_bundle lib_bundle" C:/Users/Maroun/Documents/Projects/moonlight-qt/config.tests/SL
> ***Cannot detect .pro file in directory 'C:/Users/Maroun/Documents/Projects/moonlight-qt/config.tests/SL'.
> QMake expects the file 'C:/Users/Maroun/Documents/Projects/moonlight-qt/config.tests/SL/SL.pro' or exactly one .pro file in the given directory.
test SL FAILED
executing config test EGL
+ cd /d C:\Users\Maroun\Documents\Projects\moonlight-qt\config.tests\EGL && C:\Qt\6.10.1\msvc2022_64\bin\qmake.exe  -spec C:/Qt/6.10.1/msvc2022_64/mkspecs/win32-msvc "CONFIG -= qt debug_and_release app_bundle lib_bundle" C:/Users/Maroun/Documents/Projects/moonlight-qt/config.tests/EGL
> ***Cannot detect .pro file in directory 'C:/Users/Maroun/Documents/Projects/moonlight-qt/config.tests/EGL'.
> QMake expects the file 'C:/Users/Maroun/Documents/Projects/moonlight-qt/config.tests/EGL/EGL.pro' or exactly one .pro file in the given directory.
test EGL FAILED
